<?xml version="1.0" encoding="UTF-8"?>
<!-- Generated by org.testng.reporters.JUnitReportReporter -->
<testsuite hostname="Surens-MBP.cust.communityfibre.co.uk" failures="0" tests="1" name="Package_01.Launch_02_Test" time="7.623" errors="0" timestamp="2024-04-03T11:11:43 BST" skipped="0">
  <testcase classname="Package_01.Launch_02_Test" name="launch" time="7.623"/>
  <system-out>
package1,script-01  </system-out>
</testsuite> <!-- Package_01.Launch_02_Test -->
