<?xml version="1.0" encoding="UTF-8"?>
<!-- Generated by org.testng.reporters.JUnitReportReporter -->
<testsuite hostname="Surens-MBP.cust.communityfibre.co.uk" failures="0" tests="1" name="Package_01.Launch_01_Test" time="7.129" errors="0" timestamp="2024-04-02T11:53:52 BST" skipped="0">
  <testcase classname="Package_01.Launch_01_Test" name="laucnh" time="7.129"/>
  <system-out/>
</testsuite> <!-- Package_01.Launch_01_Test -->
